1648456305831	geckodriver	INFO	Listening on 127.0.0.1:65240
1648456308896	mozrunner::runner	INFO	Running command: "C:\\Program Files\\Mozilla Firefox\\firefox.exe" "--marionette" "-no-remote" "-profile" "C:\\Users\\MSI\\AppData\\Local\\Temp\\rust_mozprofileDWmS4b"
1648456309321	Marionette	INFO	Marionette enabled
console.warn: SearchSettings: "get: No settings file exists, new profile?" (new NotFoundError("Could not open the file at C:\\Users\\MSI\\AppData\\Local\\Temp\\rust_mozprofileDWmS4b\\search.json.mozlz4", (void 0)))
1648456311493	Marionette	INFO	Listening on port 65251
1648456311617	RemoteAgent	WARN	TLS certificate errors will be ignored for this session
1648456316754	Marionette	INFO	Stopped listening on port 65251

###!!! [Parent][PGPUParent] Error: RunMessage(msgname=PGPU::Msg_ShutdownVR) Channel closing: too late to send/recv, messages will be lost

1648456532931	geckodriver	INFO	Listening on 127.0.0.1:65432
1648456536008	mozrunner::runner	INFO	Running command: "C:\\Program Files\\Mozilla Firefox\\firefox.exe" "--marionette" "-no-remote" "-profile" "C:\\Users\\MSI\\AppData\\Local\\Temp\\rust_mozprofile8jvcrF"
1648456536386	Marionette	INFO	Marionette enabled
console.warn: SearchSettings: "get: No settings file exists, new profile?" (new NotFoundError("Could not open the file at C:\\Users\\MSI\\AppData\\Local\\Temp\\rust_mozprofile8jvcrF\\search.json.mozlz4", (void 0)))
1648456538533	Marionette	INFO	Listening on port 65441
1648456538700	RemoteAgent	WARN	TLS certificate errors will be ignored for this session
1648456552997	Marionette	INFO	Stopped listening on port 65441
1648456584373	geckodriver	INFO	Listening on 127.0.0.1:65509
1648456587432	mozrunner::runner	INFO	Running command: "C:\\Program Files\\Mozilla Firefox\\firefox.exe" "--marionette" "-no-remote" "-profile" "C:\\Users\\MSI\\AppData\\Local\\Temp\\rust_mozprofilexznYz0"
1648456587795	Marionette	INFO	Marionette enabled
console.warn: SearchSettings: "get: No settings file exists, new profile?" (new NotFoundError("Could not open the file at C:\\Users\\MSI\\AppData\\Local\\Temp\\rust_mozprofilexznYz0\\search.json.mozlz4", (void 0)))
1648456589855	Marionette	INFO	Listening on port 65518
1648456590102	RemoteAgent	WARN	TLS certificate errors will be ignored for this session
JavaScript error: resource://gre/modules/AsyncShutdown.jsm, line 575: NotFoundError: No such JSWindowActor 'DevToolsFrame'
1648456904679	Marionette	INFO	Stopped listening on port 65518

###!!! [Parent][PGPUParent] Error: RunMessage(msgname=PGPU::Msg_ShutdownVR) Channel closing: too late to send/recv, messages will be lost

1648456910275	geckodriver	INFO	Listening on 127.0.0.1:59538
1648456913347	mozrunner::runner	INFO	Running command: "C:\\Program Files\\Mozilla Firefox\\firefox.exe" "--marionette" "-no-remote" "-profile" "C:\\Users\\MSI\\AppData\\Local\\Temp\\rust_mozprofiletrsSDJ"
1648456913747	Marionette	INFO	Marionette enabled
console.warn: SearchSettings: "get: No settings file exists, new profile?" (new NotFoundError("Could not open the file at C:\\Users\\MSI\\AppData\\Local\\Temp\\rust_mozprofiletrsSDJ\\search.json.mozlz4", (void 0)))
1648456915925	Marionette	INFO	Listening on port 59547
1648456916010	RemoteAgent	WARN	TLS certificate errors will be ignored for this session
1648456971907	Marionette	INFO	Stopped listening on port 59547

###!!! [Parent][PGPUParent] Error: RunMessage(msgname=PGPU::Msg_ShutdownVR) Channel closing: too late to send/recv, messages will be lost

1648456980295	geckodriver	INFO	Listening on 127.0.0.1:59621
1648456983339	mozrunner::runner	INFO	Running command: "C:\\Program Files\\Mozilla Firefox\\firefox.exe" "--marionette" "-no-remote" "-profile" "C:\\Users\\MSI\\AppData\\Local\\Temp\\rust_mozprofileaW8ZBU"
1648456983669	Marionette	INFO	Marionette enabled
console.warn: SearchSettings: "get: No settings file exists, new profile?" (new NotFoundError("Could not open the file at C:\\Users\\MSI\\AppData\\Local\\Temp\\rust_mozprofileaW8ZBU\\search.json.mozlz4", (void 0)))
1648456985426	Marionette	INFO	Listening on port 59630
1648456985497	RemoteAgent	WARN	TLS certificate errors will be ignored for this session
1648457516456	Marionette	INFO	Stopped listening on port 59630

###!!! [Parent][PGPUParent] Error: RunMessage(msgname=PGPU::Msg_ShutdownVR) Channel closing: too late to send/recv, messages will be lost

Invalid port. Exiting...
